Build started 10/5/2022 2:16:43 PM.
     1>Project "C:\Users\weian\Desktop\spaceHell\spaceHellRun\spaceHellRun\spaceHellRun.vcxproj" on node 2 (Build target(s)).
     1>Building with tools version "15.0".
       Target "EnableIntermediateOutputPathMismatchWarning" skipped, due to false condition; ('$(RestoreProjectStyle)' == 'PackageReference') was evaluated as ('' == 'PackageReference').
     1>Target "_CheckForInvalidConfigurationAndPlatform" in file "C:\Program Files (x86)\Microsoft Visual Studio\2017\Community\MSBuild\15.0\Bin\Microsoft.Common.CurrentVersion.targets" from project "C:\Users\weian\Desktop\spaceHell\spaceHellRun\spaceHellRun\spaceHellRun.vcxproj" (target "SetTelemetryEnvironmentVariables" depends on it):
       Task "Error" skipped, due to false condition; ( '$(_InvalidConfigurationError)' == 'true' ) was evaluated as ( '' == 'true' ).
       Task "Warning" skipped, due to false condition; ( '$(_InvalidConfigurationWarning)' == 'true' ) was evaluated as ( '' == 'true' ).
       Using "Message" task from assembly "Microsoft.Build.Tasks.Core, Version=15.1.0.0, Culture=neutral, PublicKeyToken=b03f5f7f11d50a3a".
       Task "Message"
         Configuration=Release
       Done executing task "Message".
       Task "Message"
         Platform=Win32
       Done executing task "Message".
       Task "Error" skipped, due to false condition; ('$(OutDir)' != '' and !HasTrailingSlash('$(OutDir)')) was evaluated as ('C:\Users\weian\Desktop\spaceHell\spaceHellRun\Release\' != '' and !HasTrailingSlash('C:\Users\weian\Desktop\spaceHell\spaceHellRun\Release\')).
       Task "Error" skipped, due to false condition; ('$(BaseIntermediateOutputPath)' != '' and !HasTrailingSlash('$(BaseIntermediateOutputPath)')) was evaluated as ('obj\' != '' and !HasTrailingSlash('obj\')).
       Task "Error" skipped, due to false condition; ('$(IntermediateOutputPath)' != '' and !HasTrailingSlash('$(IntermediateOutputPath)')) was evaluated as ('Release\' != '' and !HasTrailingSlash('Release\')).
       Task "Error" skipped, due to false condition; ( '$(_InitialMSBuildProjectExtensionsPath)' != '' And '$(MSBuildProjectExtensionsPath)' != '$(_InitialMSBuildProjectExtensionsPath)' ) was evaluated as ( 'C:\Users\weian\Desktop\spaceHell\spaceHellRun\spaceHellRun\obj\' != '' And 'C:\Users\weian\Desktop\spaceHell\spaceHellRun\spaceHellRun\obj\' != 'C:\Users\weian\Desktop\spaceHell\spaceHellRun\spaceHellRun\obj\' ).
       Task "Warning" skipped, due to false condition; ( '$(EnableBaseIntermediateOutputPathMismatchWarning)' == 'true' And '$(_InitialBaseIntermediateOutputPath)' != '$(BaseIntermediateOutputPath)' And '$(BaseIntermediateOutputPath)' != '$(MSBuildProjectExtensionsPath)' ) was evaluated as ( '' == 'true' And 'obj\' != 'obj\' And 'obj\' != 'C:\Users\weian\Desktop\spaceHell\spaceHellRun\spaceHellRun\obj\' ).
     1>Done building target "_CheckForInvalidConfigurationAndPlatform" in project "spaceHellRun.vcxproj".
       Target "_CheckForInvalidConfigurationAndPlatform" skipped. Previously built successfully.
     1>Target "SetTelemetryEnvironmentVariables" in file "C:\Program Files (x86)\Microsoft Visual Studio\2017\Community\Common7\IDE\VC\VCTargets\Microsoft.Cpp.DesignTime.targets" from project "C:\Users\weian\Desktop\spaceHell\spaceHellRun\spaceHellRun\spaceHellRun.vcxproj" (target "Build" depends on it):
       Using "SetEnv" task from assembly "C:\Program Files (x86)\Microsoft Visual Studio\2017\Community\Common7\IDE\VC\VCTargets\Microsoft.Build.CppTasks.Common.dll".
       Task "SetEnv"
         VSTEL_SolutionSessionID={EBA6F188-E9AB-4062-94AC-8D4B1B634922}
       Done executing task "SetEnv".
       Task "SetEnv"
         VSTEL_CurrentSolutionBuildID=6870875
       Done executing task "SetEnv".
       Task "SetEnv"
         VSTEL_ProjectID={0F69D608-8F59-4D62-AB4C-F21659083B5A}
       Done executing task "SetEnv".
     1>Done building target "SetTelemetryEnvironmentVariables" in project "spaceHellRun.vcxproj".
     1>Target "_PrepareForBuild" in file "C:\Program Files (x86)\Microsoft Visual Studio\2017\Community\Common7\IDE\VC\VCTargets\Microsoft.BuildSteps.Targets" from project "C:\Users\weian\Desktop\spaceHell\spaceHellRun\spaceHellRun\spaceHellRun.vcxproj" (target "Build" depends on it):
       Task "CreateItem" skipped, due to false condition; ('%(CustomBuild.IncludeFileToTool)'!='') was evaluated as (''!='').
     1>Done building target "_PrepareForBuild" in project "spaceHellRun.vcxproj".
     1>Target "_PrepareForReferenceResolution" in file "C:\Program Files (x86)\Microsoft Visual Studio\2017\Community\Common7\IDE\VC\VCTargets\Microsoft.CppBuild.targets" from project "C:\Users\weian\Desktop\spaceHell\spaceHellRun\spaceHellRun\spaceHellRun.vcxproj" (target "ResolveReferences" depends on it):
       Task "Message" skipped, due to false condition; ('$(_REFERENCE_DEBUG)'=='true') was evaluated as (''=='true').
     1>Done building target "_PrepareForReferenceResolution" in project "spaceHellRun.vcxproj".
       Target "ComputeCrtSDKReference" skipped, due to false condition; ('@(ClCompile)'!='' and '$(WindowsAppContainer)'=='true' and '$(UseCrtSDKReference)' != 'false') was evaluated as ('..\..\groupGame\highScores.cpp;..\..\groupGame\slider.cpp;..\..\groupGame\spaceHell.cpp;..\..\groupGame\spaceHellMain.cpp'!='' and 'false'=='true' and '' != 'false').
     1>Target "BeforeResolveReferences" in file "C:\Program Files (x86)\Microsoft Visual Studio\2017\Community\MSBuild\15.0\Bin\Microsoft.Common.CurrentVersion.targets" from project "C:\Users\weian\Desktop\spaceHell\spaceHellRun\spaceHellRun\spaceHellRun.vcxproj" (target "ResolveReferences" depends on it):
     1>Done building target "BeforeResolveReferences" in project "spaceHellRun.vcxproj".
     1>Target "AssignProjectConfiguration" in file "C:\Program Files (x86)\Microsoft Visual Studio\2017\Community\MSBuild\15.0\Bin\Microsoft.Common.CurrentVersion.targets" from project "C:\Users\weian\Desktop\spaceHell\spaceHellRun\spaceHellRun\spaceHellRun.vcxproj" (target "ResolveReferences" depends on it):
       Using "AssignProjectConfiguration" task from assembly "Microsoft.Build.Tasks.Core, Version=15.1.0.0, Culture=neutral, PublicKeyToken=b03f5f7f11d50a3a".
       Task "AssignProjectConfiguration"
       Done executing task "AssignProjectConfiguration".
     1>Done building target "AssignProjectConfiguration" in project "spaceHellRun.vcxproj".
       Target "AssignProjectConfiguration" skipped. Previously built successfully.
     1>Target "_SplitProjectReferencesByFileExistence" in file "C:\Program Files (x86)\Microsoft Visual Studio\2017\Community\MSBuild\15.0\Bin\Microsoft.Common.CurrentVersion.targets" from project "C:\Users\weian\Desktop\spaceHell\spaceHellRun\spaceHellRun\spaceHellRun.vcxproj" (target "PrepareProjectReferences" depends on it):
       Task "ResolveNonMSBuildProjectOutput" skipped, due to false condition; ('$(BuildingInsideVisualStudio)'=='true' and '@(ProjectReferenceWithConfiguration)'!='') was evaluated as ('true'=='true' and ''!='').
     1>Done building target "_SplitProjectReferencesByFileExistence" in project "spaceHellRun.vcxproj".
     1>Target "_GetProjectReferenceTargetFrameworkProperties" in file "C:\Program Files (x86)\Microsoft Visual Studio\2017\Community\MSBuild\15.0\Bin\Microsoft.Common.CurrentVersion.targets" from project "C:\Users\weian\Desktop\spaceHell\spaceHellRun\spaceHellRun\spaceHellRun.vcxproj" (target "PrepareProjectReferences" depends on it):
       Using "MSBuild" task from assembly "Microsoft.Build.Tasks.Core, Version=15.1.0.0, Culture=neutral, PublicKeyToken=b03f5f7f11d50a3a".
       Task "MSBuild"
       Done executing task "MSBuild".
       Task "GetReferenceNearestTargetFrameworkTask" skipped, due to false condition; ('@(_ProjectReferenceTargetFrameworkPossibilities->Count())' != '0' and '$(ReferringTargetFrameworkForProjectReferences)' != '') was evaluated as ('0' != '0' and '.NETFramework,Version=v4.0' != '').
     1>Done building target "_GetProjectReferenceTargetFrameworkProperties" in project "spaceHellRun.vcxproj".
     1>Target "PrepareProjectReferences" in file "C:\Program Files (x86)\Microsoft Visual Studio\2017\Community\MSBuild\15.0\Bin\Microsoft.Common.CurrentVersion.targets" from project "C:\Users\weian\Desktop\spaceHell\spaceHellRun\spaceHellRun\spaceHellRun.vcxproj" (target "ResolveProjectReferences" depends on it):
     1>Done building target "PrepareProjectReferences" in project "spaceHellRun.vcxproj".
       Target "_RemoveNameMetadataFromProjectReferenceItems" skipped, due to false condition; ('@(ProjectReference)'!='') was evaluated as (''!='').
     1>Target "ResolveProjectReferences" in file "C:\Program Files (x86)\Microsoft Visual Studio\2017\Community\MSBuild\15.0\Bin\Microsoft.Common.CurrentVersion.targets" from project "C:\Users\weian\Desktop\spaceHell\spaceHellRun\spaceHellRun\spaceHellRun.vcxproj" (target "ResolveReferences" depends on it):
       Task "MSBuild" skipped, due to false condition; ('%(_MSBuildProjectReferenceExistent.BuildReference)' == 'true' and '@(ProjectReferenceWithConfiguration)' != '' and ('$(BuildingInsideVisualStudio)' == 'true' or '$(BuildProjectReferences)' != 'true') and '$(VisualStudioVersion)' != '10.0' and '@(_MSBuildProjectReferenceExistent)' != '') was evaluated as ('' == 'true' and '' != '' and ('true' == 'true' or 'true' != 'true') and '15.0' != '10.0' and '' != '').
       Task "MSBuild" skipped, due to false condition; ('%(_MSBuildProjectReferenceExistent.BuildReference)' == 'true' and '@(ProjectReferenceWithConfiguration)' != '' and ('$(BuildingInsideVisualStudio)' == 'true' or '$(BuildProjectReferences)' != 'true') and '$(VisualStudioVersion)' == '10.0' and '@(_MSBuildProjectReferenceExistent)' != '') was evaluated as ('' == 'true' and '' != '' and ('true' == 'true' or 'true' != 'true') and '15.0' == '10.0' and '' != '').
       Task "MSBuild" skipped, due to false condition; ('%(_MSBuildProjectReferenceExistent.BuildReference)' == 'true' and '@(ProjectReferenceWithConfiguration)' != '' and '$(BuildingInsideVisualStudio)' != 'true' and '$(BuildProjectReferences)' == 'true' and '@(_MSBuildProjectReferenceExistent)' != '') was evaluated as ('' == 'true' and '' != '' and 'true' != 'true' and 'true' == 'true' and '' != '').
       Task "MSBuild" skipped, due to false condition; ('%(_MSBuildProjectReferenceExistent.BuildReference)' == 'true' and '@(ProjectReferenceWithConfiguration)' != '' and '$(BuildingProject)' == 'true' and '@(_MSBuildProjectReferenceExistent)' != '') was evaluated as ('' == 'true' and '' != '' and 'true' == 'true' and '' != '').
       Task "Warning" skipped, due to false condition; ('@(ProjectReferenceWithConfiguration)' != '' and '@(_MSBuildProjectReferenceNonexistent)' != '') was evaluated as ('' != '' and '' != '').
     1>Done building target "ResolveProjectReferences" in project "spaceHellRun.vcxproj".
       Target "FindInvalidProjectReferences" skipped, due to false condition; ('$(FindInvalidProjectReferences)' == 'true') was evaluated as ('' == 'true').
       Target "ResolveNativeReferences" skipped, due to false condition; ('@(NativeReference)'!='') was evaluated as (''!='').
       Target "_PrepareForReferenceResolution" skipped. Previously built successfully.
       Target "ResolveProjectReferences" skipped. Previously built successfully.
       Target "FindInvalidProjectReferences" skipped, due to false condition; ('$(FindInvalidProjectReferences)' == 'true') was evaluated as ('' == 'true').
     1>Target "GetFrameworkPaths" in file "C:\Program Files (x86)\Microsoft Visual Studio\2017\Community\MSBuild\15.0\Bin\Microsoft.NETFramework.CurrentVersion.targets" from project "C:\Users\weian\Desktop\spaceHell\spaceHellRun\spaceHellRun\spaceHellRun.vcxproj" (target "ResolveAssemblyReferences" depends on it):
     1>Done building target "GetFrameworkPaths" in project "spaceHellRun.vcxproj".
       Target "_PrepareForReferenceResolution" skipped. Previously built successfully.
       Target "GetWinFXPath" skipped, due to false condition; (('@(Page)' != '' or '@(ApplicationDefinition)' != '' or '@(Resource)' != '') and ('$(GetWinFXNativePath)' != '' or '$(GetWinFXWoWPath)' != '' )) was evaluated as (('' != '' or '' != '' or '' != '') and ('' != '' or '' != '' )).
       Target "GetFrameworkPaths" skipped. Previously built successfully.
     1>Target "GetReferenceAssemblyPaths" in file "C:\Program Files (x86)\Microsoft Visual Studio\2017\Community\MSBuild\15.0\Bin\Microsoft.Common.CurrentVersion.targets" from project "C:\Users\weian\Desktop\spaceHell\spaceHellRun\spaceHellRun\spaceHellRun.vcxproj" (target "ResolveAssemblyReferences" depends on it):
       Task "GetReferenceAssemblyPaths" skipped, due to false condition; ('$(TargetFrameworkMoniker)' != '' and ('$(_TargetFrameworkDirectories)' == '' or '$(_FullFrameworkReferenceAssemblyPaths)' == '')) was evaluated as ('' != '' and ('C:\Program Files (x86)\Reference Assemblies\Microsoft\Framework\.NETFramework\v4.0' == '' or 'C:\Program Files (x86)\Reference Assemblies\Microsoft\Framework\.NETFramework\v4.0' == '')).
     1>Done building target "GetReferenceAssemblyPaths" in project "spaceHellRun.vcxproj".
     1>Target "SetBuildDefaultEnvironmentVariables" in file "C:\Program Files (x86)\Microsoft Visual Studio\2017\Community\Common7\IDE\VC\VCTargets\Microsoft.Cpp.Current.targets" from project "C:\Users\weian\Desktop\spaceHell\spaceHellRun\spaceHellRun\spaceHellRun.vcxproj" (target "PrepareForBuild" depends on it):
       Task "SetEnv"
         PATH=C:\Program Files (x86)\Microsoft Visual Studio\2017\Community\VC\Tools\MSVC\14.16.27023\bin\HostX86\x86;C:\Program Files (x86)\Windows Kits\10\bin\10.0.18362.0\x86;;C:\Program Files (x86)\Microsoft Visual Studio\2017\Community\Common7\tools;C:\Program Files (x86)\Microsoft Visual Studio\2017\Community\Common7\ide;C:\Program Files (x86)\HTML Help Workshop;;C:\Program Files (x86)\Microsoft Visual Studio\2017\Community\MSBuild\15.0\Bin;C:\WINDOWS\Microsoft.NET\Framework\v4.0.30319\;C:\WINDOWS\SysWow64;;C:\Program Files (x86)\Common Files\Oracle\Java\javapath;C:\Program Files (x86)\Intel\Intel(R) Management Engine Components\iCLS\;C:\Program Files\Intel\Intel(R) Management Engine Components\iCLS\;C:\Windows\system32;C:\Windows;C:\Windows\System32\Wbem;C:\Windows\System32\WindowsPowerShell\v1.0\;C:\Program Files (x86)\Intel\Intel(R) Management Engine Components\DAL;C:\Program Files\Intel\Intel(R) Management Engine Components\DAL;C:\Program Files (x86)\Intel\Intel(R) Management Engine Components\IPT;C:\Program Files\Intel\Intel(R) Management Engine Components\IPT;C:\Program Files (x86)\NVIDIA Corporation\PhysX\Common;C:\WINDOWS\system32;C:\WINDOWS;C:\WINDOWS\System32\Wbem;C:\WINDOWS\System32\WindowsPowerShell\v1.0\;C:\WINDOWS\System32\OpenSSH\;C:\Program Files\NVIDIA Corporation\NVIDIA NvDLISR;C:\Program Files (x86)\SMLNJ\bin\;C:\WINDOWS\system32;C:\WINDOWS;C:\WINDOWS\System32\Wbem;C:\WINDOWS\System32\WindowsPowerShell\v1.0\;C:\WINDOWS\System32\OpenSSH\;C:\Program Files\dotnet\;C:\Program Files\Microsoft SQL Server\Client SDK\ODBC\170\Tools\Binn\;C:\Users\weian\AppData\Local\Programs\Python\Python38-32;C:\Program Files\Git\cmd;C:\Program Files\Microsoft SQL Server\130\Tools\Binn\;C:\Users\weian\AppData\Local\Microsoft\WindowsApps;C:\Program Files\mingw-w64\x86_64-8.1.0-posix-seh-rt_v6-rev0\mingw64\bin;C:\Users\weian\AppData\Local\Programs\Microsoft VS Code\bin;C:\Users\weian\.dotnet\tools;C:\Users\weian\AppData\Local\GitHubDesktop\bin;
       Done executing task "SetEnv".
       Task "SetEnv"
         LIB=C:\Program Files (x86)\Microsoft Visual Studio\2017\Community\VC\Tools\MSVC\14.16.27023\lib\x86;;C:\Program Files (x86)\Microsoft Visual Studio\2017\Community\VC\Tools\MSVC\14.16.27023\atlmfc\lib\x86;;C:\Program Files (x86)\Microsoft Visual Studio\2017\Community\VC\Auxiliary\VS\lib\x86;;C:\Program Files (x86)\Windows Kits\10\lib\10.0.18362.0\ucrt\x86;;;C:\Program Files (x86)\Windows Kits\10\lib\10.0.18362.0\um\x86;C:\Program Files (x86)\Windows Kits\NETFXSDK\4.8\lib\um\x86;;Lib\um\x86
       Done executing task "SetEnv".
       Task "SetEnv"
         LIBPATH=C:\Program Files (x86)\Microsoft Visual Studio\2017\Community\VC\Tools\MSVC\14.16.27023\atlmfc\lib\x86;;C:\Program Files (x86)\Microsoft Visual Studio\2017\Community\VC\Tools\MSVC\14.16.27023\lib\x86;
       Done executing task "SetEnv".
       Task "SetEnv"
         INCLUDE=C:\Program Files (x86)\Microsoft Visual Studio\2017\Community\VC\Tools\MSVC\14.16.27023\include;;C:\Program Files (x86)\Microsoft Visual Studio\2017\Community\VC\Tools\MSVC\14.16.27023\atlmfc\include;;C:\Program Files (x86)\Microsoft Visual Studio\2017\Community\VC\Auxiliary\VS\include;;C:\Program Files (x86)\Windows Kits\10\Include\10.0.18362.0\ucrt;;;C:\Program Files (x86)\Windows Kits\10\Include\10.0.18362.0\um;C:\Program Files (x86)\Windows Kits\10\Include\10.0.18362.0\shared;C:\Program Files (x86)\Windows Kits\10\Include\10.0.18362.0\winrt;C:\Program Files (x86)\Windows Kits\10\Include\10.0.18362.0\cppwinrt;C:\Program Files (x86)\Windows Kits\NETFXSDK\4.8\Include\um;
       Done executing task "SetEnv".
     1>Done building target "SetBuildDefaultEnvironmentVariables" in project "spaceHellRun.vcxproj".
       Target "SetUserMacroEnvironmentVariables" skipped, due to false condition; ('@(BuildMacro)' != '' and '$(DesignTimeBuild)' != 'true') was evaluated as ('' != '' and '' != 'true').
       Target "_PrepareForReferenceResolution" skipped. Previously built successfully.
     1>Target "GetResolvedWinMD" in file "C:\Program Files (x86)\Microsoft Visual Studio\2017\Community\Common7\IDE\VC\VCTargets\Microsoft.CppBuild.targets" from project "C:\Users\weian\Desktop\spaceHell\spaceHellRun\spaceHellRun\spaceHellRun.vcxproj" (target "PrepareForBuild" depends on it):
     1>Done building target "GetResolvedWinMD" in project "spaceHellRun.vcxproj".
     1>Target "PlatformPrepareForBuild" in file "C:\Program Files (x86)\Microsoft Visual Studio\2017\Community\Common7\IDE\VC\VCTargets\Microsoft.Cpp.Platform.targets" from project "C:\Users\weian\Desktop\spaceHell\spaceHellRun\spaceHellRun\spaceHellRun.vcxproj" (target "PrepareForBuild" depends on it):
       Task "VCMessage" skipped, due to false condition; ('$(_Error64bitToolsNotInstalled)' == 'true') was evaluated as ('' == 'true').
       Task "VCMessage" skipped, due to false condition; ('$(DesignTimeBuild)'!='true' and '$(_ToolsetFound)' != 'true' and '$(PlatformToolset)' == '') was evaluated as (''!='true' and 'true' != 'true' and 'v141' == '').
       Task "VCMessage" skipped, due to false condition; ('$(DesignTimeBuild)'!='true' and '$(_ToolsetFound)' != 'true' and '$(PlatformToolset)' == 'v110') was evaluated as (''!='true' and 'true' != 'true' and 'v141' == 'v110').
       Task "VCMessage" skipped, due to false condition; ('$(DesignTimeBuild)'!='true' and '$(_ToolsetFound)' != 'true' and '$(PlatformToolset)' == 'v100') was evaluated as (''!='true' and 'true' != 'true' and 'v141' == 'v100').
       Task "VCMessage" skipped, due to false condition; ('$(DesignTimeBuild)'!='true' and '$(_ToolsetFound)' != 'true' and '$(PlatformToolset)' == 'v90') was evaluated as (''!='true' and 'true' != 'true' and 'v141' == 'v90').
       Task "VCMessage" skipped, due to false condition; ('$(DesignTimeBuild)'!='true' and '$(_ToolsetFound)' != 'true' and '$(PlatformToolset)' != 'v90' and '$(PlatformToolset)' != 'v100' and '$(PlatformToolset)' != 'v110') was evaluated as (''!='true' and 'true' != 'true' and 'v141' != 'v90' and 'v141' != 'v100' and 'v141' != 'v110').
     1>Done building target "PlatformPrepareForBuild" in project "spaceHellRun.vcxproj".
     1>Target "_CheckWindowsSDKInstalled" in file "C:\Program Files (x86)\Microsoft Visual Studio\2017\Community\Common7\IDE\VC\VCTargets\Microsoft.Cpp.WindowsSDK.targets" from project "C:\Users\weian\Desktop\spaceHell\spaceHellRun\spaceHellRun\spaceHellRun.vcxproj" (target "PrepareForBuild" depends on it):
       Task "VCMessage" skipped, due to false condition; ('$(WindowsSDKInstalled)' != 'true') was evaluated as ('true' != 'true').
       Task "VCMessage" skipped, due to false condition; ('$(WindowsAppContainer)' != 'true' and '$(WindowsSDK_Desktop_Support)' != true) was evaluated as ('false' != 'true' and 'true' != true).
     1>Done building target "_CheckWindowsSDKInstalled" in project "spaceHellRun.vcxproj".
       Target "GetFrameworkPaths" skipped. Previously built successfully.
       Target "GetReferenceAssemblyPaths" skipped. Previously built successfully.
       Target "AssignLinkMetadata" skipped, due to false condition; ( '$(SynthesizeLinkMetadata)' == 'true' ) was evaluated as ( '' == 'true' ).
     1>Target "SetCABuildNativeEnvironmentVariables" in file "C:\Program Files (x86)\Microsoft Visual Studio\2017\Community\MSBuild\Microsoft\VisualStudio\v15.0\CodeAnalysis\Microsoft.CodeAnalysis.targets" from project "C:\Users\weian\Desktop\spaceHell\spaceHellRun\spaceHellRun\spaceHellRun.vcxproj" (target "PrepareForBuild" depends on it):
       Task "SetEnv"
         CAExcludePath=C:\Program Files (x86)\Microsoft Visual Studio\2017\Community\VC\Tools\MSVC\14.16.27023\atlmfc\include;C:\Program Files (x86)\Microsoft Visual Studio\2017\Community\VC\Tools\MSVC\14.16.27023\include;C:\Program Files (x86)\Windows Kits\10\Include\10.0.18362.0\ucrt;;C:\Program Files (x86)\Windows Kits\10\Include\10.0.18362.0\um;C:\Program Files (x86)\Windows Kits\10\Include\10.0.18362.0\shared;C:\Program Files (x86)\Windows Kits\10\Include\10.0.18362.0\winrt;C:\Program Files (x86)\Windows Kits\10\Include\10.0.18362.0\cppwinrt;C:\Program Files (x86)\Windows Kits\NETFXSDK\4.8\Include\um;
       Done executing task "SetEnv".
     1>Done building target "SetCABuildNativeEnvironmentVariables" in project "spaceHellRun.vcxproj".
     1>Target "PrepareForBuild" in file "C:\Program Files (x86)\Microsoft Visual Studio\2017\Community\Common7\IDE\VC\VCTargets\Microsoft.CppBuild.targets" from project "C:\Users\weian\Desktop\spaceHell\spaceHellRun\spaceHellRun\spaceHellRun.vcxproj" (target "ResolveAssemblyReferences" depends on it):
       Task "VCMessage" skipped, due to false condition; ('$(DesignTimeBuild)' != 'true' and '$(ConfigurationPlatformExists)' != 'true') was evaluated as ('' != 'true' and 'true' != 'true').
       Using "MakeDir" task from assembly "Microsoft.Build.Tasks.Core, Version=15.1.0.0, Culture=neutral, PublicKeyToken=b03f5f7f11d50a3a".
       Task "MakeDir"
       Done executing task "MakeDir".
       Task "VCMessage" skipped, due to false condition; ('$(DesignTimeBuild)'!='true' and '$(WindowsAppContainer)'=='true' and '$(ConfigurationType)'!='Application' and '$(ConfigurationType)'!='DynamicLibrary' and '$(ConfigurationType)'!='StaticLibrary') was evaluated as (''!='true' and 'false'=='true' and 'Application'!='Application' and 'Application'!='DynamicLibrary' and 'Application'!='StaticLibrary').
       Task "VCMessage" skipped, due to false condition; ('$(DesignTimeBuild)'!='true' and '$(VCToolsInstallDir)'=='' and '$(UseEnv)' != 'true' and ('$(TargetFrameworkVersion)'=='v3.5' or '$(TargetFrameworkVersion)'=='v3.0' or '$(TargetFrameworkVersion)'=='v2.0' )) was evaluated as (''!='true' and 'C:\Program Files (x86)\Microsoft Visual Studio\2017\Community\VC\Tools\MSVC\14.16.27023\'=='' and '' != 'true' and ('v4.0'=='v3.5' or 'v4.0'=='v3.0' or 'v4.0'=='v2.0' )).
       Task "VCMessage" skipped, due to false condition; ('$(DesignTimeBuild)'!='true' and '$(VCToolsInstallDir)'=='' and '$(UseEnv)' != 'true' and '$(PlatformToolset)'=='v90') was evaluated as (''!='true' and 'C:\Program Files (x86)\Microsoft Visual Studio\2017\Community\VC\Tools\MSVC\14.16.27023\'=='' and '' != 'true' and 'v141'=='v90').
       Task "VCMessage" skipped, due to false condition; ('$(DesignTimeBuild)'!='true' and '$(VCToolsInstallDir)'=='' and '$(UseEnv)' != 'true') was evaluated as (''!='true' and 'C:\Program Files (x86)\Microsoft Visual Studio\2017\Community\VC\Tools\MSVC\14.16.27023\'=='' and '' != 'true').
       Task "VCMessage" skipped, due to false condition; ('$(DesignTimeBuild)'!='true' and '$(WindowsSDKDir)'=='' and '$(UseEnv)' != 'true') was evaluated as (''!='true' and 'C:\Program Files (x86)\Windows Kits\10\'=='' and '' != 'true').
       Task "VCMessage" skipped, due to false condition; ('$(DesignTimeBuild)'!='true' and '$(IntDirTrailingSlashWarning)'=='true') was evaluated as (''!='true' and ''=='true').
       Task "VCMessage" skipped, due to false condition; ('$(DesignTimeBuild)'!='true' and '$(OutDirTrailingSlashWarning)'=='true') was evaluated as (''!='true' and ''=='true').
       Task "VCMessage" skipped, due to false condition; ('%(CompatibilityIssues.Identity)' != '' and '$(DesignTimeBuild)'!='true') was evaluated as ('' != '' and ''!='true').
       Task "VCMessage" skipped, due to false condition; ('$(IgnoreWarnIntDirSharingDetected)' != 'true' and '$(IntDirSharingDetected)' == 'true') was evaluated as ('' != 'true' and '' == 'true').
       Task "VCMessage" skipped, due to false condition; ('$(DesignTimeBuild)'!='true' and '$(IgnoreWarnIntDirInTempDetected)' != 'true' and ('$(_IntDirFullpath.StartsWith($(Tmp), true, null))' == 'true' or '$(_IntDirFullpath.StartsWith($(Temp), true, null))' == 'true' or '$(_OutDirFullpath.StartsWith($(Tmp), true, null))' == 'true' or '$(_OutDirFullpath.StartsWith($(Temp), true, null))' == 'true')) was evaluated as (''!='true' and '' != 'true' and ('False' == 'true' or 'False' == 'true' or 'False' == 'true' or 'False' == 'true')).
       Task "VCMessage" skipped, due to false condition; ('$(DesignTimeBuild)' != 'true' and '$(SpectreMitigation)' != '' and '$(SpectreMitigation)' != 'false' and (('$(_VC_Target_Library_Platform)' == 'OneCore' and !Exists('$(VC_LibraryPath_VC_x86_OneCore)')) or ('$(_VC_Target_Library_Platform)' == 'Desktop' and !Exists('$(VC_LibraryPath_VC_x86_Desktop)')))) was evaluated as ('' != 'true' and 'false' != '' and 'false' != 'false' and (('Desktop' == 'OneCore' and !Exists('C:\Program Files (x86)\Microsoft Visual Studio\2017\Community\VC\Tools\MSVC\14.16.27023\lib\onecore\x86')) or ('Desktop' == 'Desktop' and !Exists('C:\Program Files (x86)\Microsoft Visual Studio\2017\Community\VC\Tools\MSVC\14.16.27023\lib\x86')))).
       Task "MakeDir"
       Done executing task "MakeDir".
     1>Done building target "PrepareForBuild" in project "spaceHellRun.vcxproj".
       Target "_PrepareForReferenceResolution" skipped. Previously built successfully.
       Target "ComputeCrtSDKReference" skipped, due to false condition; ('@(ClCompile)'!='' and '$(WindowsAppContainer)'=='true' and '$(UseCrtSDKReference)' != 'false') was evaluated as ('..\..\groupGame\highScores.cpp;..\..\groupGame\slider.cpp;..\..\groupGame\spaceHell.cpp;..\..\groupGame\spaceHellMain.cpp'!='' and 'false'=='true' and '' != 'false').
       Target "GetInstalledSDKLocations" skipped, due to false condition; ('@(SDKReference)' != '') was evaluated as ('' != '').
     1>Target "ResolveSDKReferences" in file "C:\Program Files (x86)\Microsoft Visual Studio\2017\Community\MSBuild\15.0\Bin\Microsoft.Common.CurrentVersion.targets" from project "C:\Users\weian\Desktop\spaceHell\spaceHellRun\spaceHellRun\spaceHellRun.vcxproj" (target "ResolveAssemblyReferences" depends on it):
       Task "ResolveSDKReference" skipped, due to false condition; ('@(SDKReference)'!='') was evaluated as (''!='').
     1>Done building target "ResolveSDKReferences" in project "spaceHellRun.vcxproj".
       Target "ResolveSDKReferences" skipped. Previously built successfully.
     1>Target "ExpandSDKReferences" in file "C:\Program Files (x86)\Microsoft Visual Studio\2017\Community\MSBuild\15.0\Bin\Microsoft.Common.CurrentVersion.targets" from project "C:\Users\weian\Desktop\spaceHell\spaceHellRun\spaceHellRun\spaceHellRun.vcxproj" (target "ResolveAssemblyReferences" depends on it):
       Task "GetSDKReferenceFiles" skipped, due to false condition; ('@(ResolvedSDKReference)'!='') was evaluated as (''!='').
     1>Done building target "ExpandSDKReferences" in project "spaceHellRun.vcxproj".
       Target "ResolveNuGetPackageAssets" skipped, due to false condition; ('$(ResolveNuGetPackages)' == 'true' and exists('$(ProjectLockFile)')) was evaluated as ('true' == 'true' and exists('obj\project.assets.json')).
     1>Target "ResolveAssemblyReferences" in file "C:\Program Files (x86)\Microsoft Visual Studio\2017\Community\MSBuild\15.0\Bin\Microsoft.Common.CurrentVersion.targets" from project "C:\Users\weian\Desktop\spaceHell\spaceHellRun\spaceHellRun\spaceHellRun.vcxproj" (target "ResolveReferences" depends on it):
       Task "ResolveAssemblyReference" skipped, due to false condition; ('@(Reference)'!='' or '@(_ResolvedProjectReferencePaths)'!='' or '@(_ExplicitReference)' != '') was evaluated as (''!='' or ''!='' or '' != '').
     1>Done building target "ResolveAssemblyReferences" in project "spaceHellRun.vcxproj".
       Target "GenerateBindingRedirects" skipped, due to false condition; ('$(AutoGenerateBindingRedirects)' == 'true' and '$(GenerateBindingRedirectsOutputType)' == 'true') was evaluated as ('' == 'true' and 'true' == 'true').
       Target "GenerateBindingRedirectsUpdateAppConfig" skipped, due to false condition; ('$(AutoGenerateBindingRedirects)' == 'true' and '$(GenerateBindingRedirectsOutputType)' == 'true' and Exists('$(_GenerateBindingRedirectsIntermediateAppConfig)')) was evaluated as ('' == 'true' and 'true' == 'true' and Exists('Release\spaceHellRun.exe.config')).
       Target "ResolveComReferences" skipped, due to false condition; ('@(COMReference)'!='' or '@(COMFileReference)'!='') was evaluated as (''!='' or ''!='').
     1>Target "AfterResolveReferences" in file "C:\Program Files (x86)\Microsoft Visual Studio\2017\Community\MSBuild\15.0\Bin\Microsoft.Common.CurrentVersion.targets" from project "C:\Users\weian\Desktop\spaceHell\spaceHellRun\spaceHellRun\spaceHellRun.vcxproj" (target "ResolveReferences" depends on it):
     1>Done building target "AfterResolveReferences" in project "spaceHellRun.vcxproj".
       Target "ImplicitlyExpandDesignTimeFacades" skipped, due to false condition; ('$(ImplicitlyExpandDesignTimeFacades)' == 'true') was evaluated as ('' == 'true').
       Target "ResolveTestReferences" skipped, due to false condition; ('@(Shadow)'!='') was evaluated as (''!='').
     1>Target "ResolveReferences" in file "C:\Program Files (x86)\Microsoft Visual Studio\2017\Community\MSBuild\15.0\Bin\Microsoft.Common.CurrentVersion.targets" from project "C:\Users\weian\Desktop\spaceHell\spaceHellRun\spaceHellRun\spaceHellRun.vcxproj" (target "Build" depends on it):
     1>Done building target "ResolveReferences" in project "spaceHellRun.vcxproj".
       Target "PrepareForBuild" skipped. Previously built successfully.
       Target "PrepareForBuild" skipped. Previously built successfully.
     1>Target "InitializeBuildStatus" in file "C:\Program Files (x86)\Microsoft Visual Studio\2017\Community\Common7\IDE\VC\VCTargets\Microsoft.CppBuild.targets" from project "C:\Users\weian\Desktop\spaceHell\spaceHellRun\spaceHellRun\spaceHellRun.vcxproj" (target "Build" depends on it):
       Using "ReadLinesFromFile" task from assembly "Microsoft.Build.Tasks.Core, Version=15.1.0.0, Culture=neutral, PublicKeyToken=b03f5f7f11d50a3a".
       Task "ReadLinesFromFile"
       Done executing task "ReadLinesFromFile".
       Using "WriteLinesToFile" task from assembly "Microsoft.Build.Tasks.Core, Version=15.1.0.0, Culture=neutral, PublicKeyToken=b03f5f7f11d50a3a".
       Task "WriteLinesToFile"
       Done executing task "WriteLinesToFile".
       Using "Touch" task from assembly "Microsoft.Build.Tasks.Core, Version=15.1.0.0, Culture=neutral, PublicKeyToken=b03f5f7f11d50a3a".
       Task "Touch"
         Touching "Release\spaceHellRun.tlog\unsuccessfulbuild".
       Done executing task "Touch".
     1>Done building target "InitializeBuildStatus" in project "spaceHellRun.vcxproj".
       Target "PrepareProjectReferences" skipped. Previously built successfully.
     1>Target "BuildGenerateSourcesTraverse" in file "C:\Program Files (x86)\Microsoft Visual Studio\2017\Community\MSBuild\15.0\Bin\Microsoft.Common.CurrentVersion.targets" from project "C:\Users\weian\Desktop\spaceHell\spaceHellRun\spaceHellRun\spaceHellRun.vcxproj" (target "BuildGenerateSources" depends on it):
       Task "MSBuild" skipped, due to false condition; ('$(BuildPassReferences)' == 'true' and '@(ProjectReferenceWithConfiguration)' != '' and '@(_MSBuildProjectReferenceExistent)' != '' and '%(_MSBuildProjectReferenceExistent.BuildReference)' == 'true') was evaluated as ('' == 'true' and '' != '' and '' != '' and '' == 'true').
     1>Done building target "BuildGenerateSourcesTraverse" in project "spaceHellRun.vcxproj".
       Target "PrepareForBuild" skipped. Previously built successfully.
       Target "ResolveReferences" skipped. Previously built successfully.
     1>Target "BeforeBuildGenerateSources" in file "C:\Program Files (x86)\Microsoft Visual Studio\2017\Community\Common7\IDE\VC\VCTargets\Microsoft.BuildSteps.Targets" from project "C:\Users\weian\Desktop\spaceHell\spaceHellRun\spaceHellRun\spaceHellRun.vcxproj" (target "_BuildGenerateSourcesAction" depends on it):
     1>Done building target "BeforeBuildGenerateSources" in project "spaceHellRun.vcxproj".
     1>Target "PreBuildEvent" in file "C:\Program Files (x86)\Microsoft Visual Studio\2017\Community\Common7\IDE\VC\VCTargets\Microsoft.CppCommon.targets" from project "C:\Users\weian\Desktop\spaceHell\spaceHellRun\spaceHellRun\spaceHellRun.vcxproj" (target "_BuildGenerateSourcesAction" depends on it):
       Task "Message" skipped, due to false condition; ('%(PreBuildEvent.Message)' != '' and '%(PreBuildEvent.Command)' != '') was evaluated as ('' != '' and '' != '').
       Task "Exec" skipped, due to false condition; ('%(PreBuildEvent.Command)' != '') was evaluated as ('' != '').
     1>Done building target "PreBuildEvent" in project "spaceHellRun.vcxproj".
       Target "CustomBuild" skipped, due to false condition; ('@(CustomBuild)' != '') was evaluated as ('' != '').
       Target "FxExport" skipped, due to false condition; ('@(FxCompile)' != '') was evaluated as ('' != '').
       Target "FxCompile" skipped, due to false condition; ('@(FxCompile)' != '') was evaluated as ('' != '').
       Target "_CreateCopyFileItems" skipped, due to false condition; ('@(CopyFileToFolders)' != '') was evaluated as ('' != '').
       Target "PrepareForBuild" skipped. Previously built successfully.
       Target "InitializeBuildStatus" skipped. Previously built successfully.
       Target "SetBuildDefaultEnvironmentVariables" skipped. Previously built successfully.
       Target "SetUserMacroEnvironmentVariables" skipped, due to false condition; ('@(BuildMacro)' != '' and '$(DesignTimeBuild)' != 'true') was evaluated as ('' != '' and '' != 'true').
     1>Target "_SelectedFiles" in file "C:\Program Files (x86)\Microsoft Visual Studio\2017\Community\Common7\IDE\VC\VCTargets\Microsoft.CppBuild.targets" from project "C:\Users\weian\Desktop\spaceHell\spaceHellRun\spaceHellRun\spaceHellRun.vcxproj" (target "CopyFileToFolders" depends on it):
     1>Done building target "_SelectedFiles" in project "spaceHellRun.vcxproj".
     1>Target "CopyFileToFolders" in file "C:\Program Files (x86)\Microsoft Visual Studio\2017\Community\Common7\IDE\VC\VCTargets\Microsoft.CppCommon.targets" from project "C:\Users\weian\Desktop\spaceHell\spaceHellRun\spaceHellRun\spaceHellRun.vcxproj" (target "_BuildGenerateSourcesAction" depends on it):
       Using "GetOutOfDateItems" task from assembly "C:\Program Files (x86)\Microsoft Visual Studio\2017\Community\Common7\IDE\VC\VCTargets\Microsoft.Build.CppTasks.Common.dll".
       Task "GetOutOfDateItems"
       Done executing task "GetOutOfDateItems".
       Task "Copy" skipped, due to false condition; ('@(_OutOfDateCopyFile)' != '') was evaluated as ('' != '').
     1>Done building target "CopyFileToFolders" in project "spaceHellRun.vcxproj".
       Target "Xsd" skipped, due to false condition; ('@(Xsd)' != '') was evaluated as ('' != '').
     1>Target "_Xsd" in file "C:\Program Files (x86)\Microsoft Visual Studio\2017\Community\Common7\IDE\VC\VCTargets\Microsoft.CppBuild.targets" from project "C:\Users\weian\Desktop\spaceHell\spaceHellRun\spaceHellRun\spaceHellRun.vcxproj" (target "_BuildGenerateSourcesAction" depends on it):
     1>Done building target "_Xsd" in project "spaceHellRun.vcxproj".
     1>Target "MakeDirsForMidl" in file "C:\Program Files (x86)\Microsoft Visual Studio\2017\Community\Common7\IDE\VC\VCTargets\Microsoft.CppBuild.targets" from project "C:\Users\weian\Desktop\spaceHell\spaceHellRun\spaceHellRun\spaceHellRun.vcxproj" (target "_Midl" depends on it):
       Task "Makedir"
       Done executing task "Makedir".
     1>Done building target "MakeDirsForMidl" in project "spaceHellRun.vcxproj".
       Target "Midl" skipped, due to false condition; ('@(Midl)' != '') was evaluated as ('' != '').
       Target "CustomBuild" skipped, due to false condition; ('@(CustomBuild)' != '') was evaluated as ('' != '').
       Target "FxExport" skipped, due to false condition; ('@(FxCompile)' != '') was evaluated as ('' != '').
       Target "FxCompile" skipped, due to false condition; ('@(FxCompile)' != '') was evaluated as ('' != '').
     1>Target "ComputeMIDLGeneratedCompileInputs" in file "C:\Program Files (x86)\Microsoft Visual Studio\2017\Community\Common7\IDE\VC\VCTargets\Microsoft.CppBuild.targets" from project "C:\Users\weian\Desktop\spaceHell\spaceHellRun\spaceHellRun\spaceHellRun.vcxproj" (target "_Midl" depends on it):
     1>Done building target "ComputeMIDLGeneratedCompileInputs" in project "spaceHellRun.vcxproj".
     1>Target "AfterMidl" in file "C:\Program Files (x86)\Microsoft Visual Studio\2017\Community\Common7\IDE\VC\VCTargets\Microsoft.CppBuild.targets" from project "C:\Users\weian\Desktop\spaceHell\spaceHellRun\spaceHellRun\spaceHellRun.vcxproj" (target "_Midl" depends on it):
     1>Done building target "AfterMidl" in project "spaceHellRun.vcxproj".
     1>Target "_Midl" in file "C:\Program Files (x86)\Microsoft Visual Studio\2017\Community\Common7\IDE\VC\VCTargets\Microsoft.CppBuild.targets" from project "C:\Users\weian\Desktop\spaceHell\spaceHellRun\spaceHellRun\spaceHellRun.vcxproj" (target "_BuildGenerateSourcesAction" depends on it):
     1>Done building target "_Midl" in project "spaceHellRun.vcxproj".
     1>Target "AfterBuildGenerateSources" in file "C:\Program Files (x86)\Microsoft Visual Studio\2017\Community\Common7\IDE\VC\VCTargets\Microsoft.BuildSteps.Targets" from project "C:\Users\weian\Desktop\spaceHell\spaceHellRun\spaceHellRun\spaceHellRun.vcxproj" (target "_BuildGenerateSourcesAction" depends on it):
     1>Done building target "AfterBuildGenerateSources" in project "spaceHellRun.vcxproj".
     1>Target "AfterBuildGenerateSourcesEvent" in file "C:\Program Files (x86)\Microsoft Visual Studio\2017\Community\Common7\IDE\VC\VCTargets\Microsoft.CppBuild.targets" from project "C:\Users\weian\Desktop\spaceHell\spaceHellRun\spaceHellRun\spaceHellRun.vcxproj" (target "_BuildGenerateSourcesAction" depends on it):
     1>Done building target "AfterBuildGenerateSourcesEvent" in project "spaceHellRun.vcxproj".
     1>Target "_BuildGenerateSourcesAction" in file "C:\Program Files (x86)\Microsoft Visual Studio\2017\Community\Common7\IDE\VC\VCTargets\Microsoft.CppBuild.targets" from project "C:\Users\weian\Desktop\spaceHell\spaceHellRun\spaceHellRun\spaceHellRun.vcxproj" (target "BuildGenerateSources" depends on it):
     1>Done building target "_BuildGenerateSourcesAction" in project "spaceHellRun.vcxproj".
     1>Target "BuildGenerateSources" in file "C:\Program Files (x86)\Microsoft Visual Studio\2017\Community\MSBuild\15.0\Bin\Microsoft.Common.CurrentVersion.targets" from project "C:\Users\weian\Desktop\spaceHell\spaceHellRun\spaceHellRun\spaceHellRun.vcxproj" (target "Build" depends on it):
     1>Done building target "BuildGenerateSources" in project "spaceHellRun.vcxproj".
       Target "PrepareProjectReferences" skipped. Previously built successfully.
     1>Target "BuildCompileTraverse" in file "C:\Program Files (x86)\Microsoft Visual Studio\2017\Community\MSBuild\15.0\Bin\Microsoft.Common.CurrentVersion.targets" from project "C:\Users\weian\Desktop\spaceHell\spaceHellRun\spaceHellRun\spaceHellRun.vcxproj" (target "BuildCompile" depends on it):
       Task "MSBuild" skipped, due to false condition; ('$(BuildPassReferences)' == 'true' and '@(ProjectReferenceWithConfiguration)' != '' and '@(_MSBuildProjectReferenceExistent)' != ''  and '%(_MSBuildProjectReferenceExistent.BuildReference)' == 'true') was evaluated as ('' == 'true' and '' != '' and '' != ''  and '' == 'true').
     1>Done building target "BuildCompileTraverse" in project "spaceHellRun.vcxproj".
       Target "PrepareForBuild" skipped. Previously built successfully.
       Target "ResolveReferences" skipped. Previously built successfully.
     1>Target "BeforeClCompile" in file "C:\Program Files (x86)\Microsoft Visual Studio\2017\Community\Common7\IDE\VC\VCTargets\Microsoft.CppBuild.targets" from project "C:\Users\weian\Desktop\spaceHell\spaceHellRun\spaceHellRun\spaceHellRun.vcxproj" (target "_ClCompile" depends on it):
     1>Done building target "BeforeClCompile" in project "spaceHellRun.vcxproj".
       Target "ComputeMIDLGeneratedCompileInputs" skipped. Previously built successfully.
     1>Target "ComputeCLInputPDBName" in file "C:\Program Files (x86)\Microsoft Visual Studio\2017\Community\Common7\IDE\VC\VCTargets\Microsoft.CppBuild.targets" from project "C:\Users\weian\Desktop\spaceHell\spaceHellRun\spaceHellRun\spaceHellRun.vcxproj" (target "_ClCompile" depends on it):
     1>Done building target "ComputeCLInputPDBName" in project "spaceHellRun.vcxproj".
       Target "ResolveReferences" skipped. Previously built successfully.
     1>Target "ComputeReferenceCLInput" in file "C:\Program Files (x86)\Microsoft Visual Studio\2017\Community\Common7\IDE\VC\VCTargets\Microsoft.CppBuild.targets" from project "C:\Users\weian\Desktop\spaceHell\spaceHellRun\spaceHellRun\spaceHellRun.vcxproj" (target "_ClCompile" depends on it):
       Task "WriteLinesToFile" skipped, due to false condition; (('@(_ReferenceCopyLocalPaths)'!='') and '$(DesignTimeBuild)' != 'true') was evaluated as ((''!='') and '' != 'true').
       Task "Message" skipped, due to false condition; ('$(_REFERENCE_DEBUG)'=='true') was evaluated as (''=='true').
     1>Done building target "ComputeReferenceCLInput" in project "spaceHellRun.vcxproj".
     1>Target "WarnCompileDuplicatedFilename" in file "C:\Program Files (x86)\Microsoft Visual Studio\2017\Community\Common7\IDE\VC\VCTargets\Microsoft.CppBuild.targets" from project "C:\Users\weian\Desktop\spaceHell\spaceHellRun\spaceHellRun\spaceHellRun.vcxproj" (target "_ClCompile" depends on it):
       Task "VCMessage" skipped, due to false condition; ('%(ClCompile.ExcludedFromBuild)' != 'true' and '%(Filename)%(Extension)' != '@(ClCompile->'%(Filename)%(Extension)')' and '%(ObjectFileName)' == '@(ClCompile->Metadata(ObjectFileName)->Distinct())') was evaluated as ('' != 'true' and 'highScores.cpp' != 'highScores.cpp' and 'Release\' == 'Release\').
       Task "VCMessage" skipped, due to false condition; ('%(ClCompile.ExcludedFromBuild)' != 'true' and '%(Filename)%(Extension)' != '@(ClCompile->'%(Filename)%(Extension)')' and '%(ObjectFileName)' == '@(ClCompile->Metadata(ObjectFileName)->Distinct())') was evaluated as ('' != 'true' and 'slider.cpp' != 'slider.cpp' and 'Release\' == 'Release\').
       Task "VCMessage" skipped, due to false condition; ('%(ClCompile.ExcludedFromBuild)' != 'true' and '%(Filename)%(Extension)' != '@(ClCompile->'%(Filename)%(Extension)')' and '%(ObjectFileName)' == '@(ClCompile->Metadata(ObjectFileName)->Distinct())') was evaluated as ('' != 'true' and 'spaceHell.cpp' != 'spaceHell.cpp' and 'Release\' == 'Release\').
       Task "VCMessage" skipped, due to false condition; ('%(ClCompile.ExcludedFromBuild)' != 'true' and '%(Filename)%(Extension)' != '@(ClCompile->'%(Filename)%(Extension)')' and '%(ObjectFileName)' == '@(ClCompile->Metadata(ObjectFileName)->Distinct())') was evaluated as ('' != 'true' and 'spaceHellMain.cpp' != 'spaceHellMain.cpp' and 'Release\' == 'Release\').
     1>Done building target "WarnCompileDuplicatedFilename" in project "spaceHellRun.vcxproj".
     1>Target "FixupCLCompileOptions" in file "C:\Program Files (x86)\Microsoft Visual Studio\2017\Community\Common7\IDE\VC\VCTargets\Microsoft.CppCommon.targets" from project "C:\Users\weian\Desktop\spaceHell\spaceHellRun\spaceHellRun\spaceHellRun.vcxproj" (target "_ClCompile" depends on it):
     1>Done building target "FixupCLCompileOptions" in project "spaceHellRun.vcxproj".
     1>Target "MakeDirsForCl" in file "C:\Program Files (x86)\Microsoft Visual Studio\2017\Community\Common7\IDE\VC\VCTargets\Microsoft.CppBuild.targets" from project "C:\Users\weian\Desktop\spaceHell\spaceHellRun\spaceHellRun\spaceHellRun.vcxproj" (target "_ClCompile" depends on it):
       Task "MakeDir"
       Done executing task "MakeDir".
     1>Done building target "MakeDirsForCl" in project "spaceHellRun.vcxproj".
       Target "_SelectedFiles" skipped. Previously built successfully.
       Target "ComputeMIDLGeneratedCompileInputs" skipped. Previously built successfully.
       Target "ComputeCLInputPDBName" skipped. Previously built successfully.
       Target "ComputeReferenceCLInput" skipped. Previously built successfully.
       Target "WarnCompileDuplicatedFilename" skipped. Previously built successfully.
       Target "FixupCLCompileOptions" skipped. Previously built successfully.
       Target "_SelectedFiles" skipped. Previously built successfully.
     1>Target "SelectCustomBuild" in file "C:\Program Files (x86)\Microsoft Visual Studio\2017\Community\Common7\IDE\VC\VCTargets\Microsoft.CppBuild.targets" from project "C:\Users\weian\Desktop\spaceHell\spaceHellRun\spaceHellRun\spaceHellRun.vcxproj" (target "SelectClCompile" depends on it):
     1>Done building target "SelectCustomBuild" in project "spaceHellRun.vcxproj".
     1>Target "SelectClCompile" in file "C:\Program Files (x86)\Microsoft Visual Studio\2017\Community\Common7\IDE\VC\VCTargets\Microsoft.CppBuild.targets" from project "C:\Users\weian\Desktop\spaceHell\spaceHellRun\spaceHellRun\spaceHellRun.vcxproj" (target "ClCompile" depends on it):
     1>Done building target "SelectClCompile" in project "spaceHellRun.vcxproj".
       Target "GenerateTargetFrameworkMonikerAttribute" skipped, due to false condition; ('$(GenerateTargetFrameworkAttribute)' == 'true') was evaluated as ('false' == 'true').
       Target "ManagedIncrementalBuildPreProcessDependencyGraph" skipped, due to false condition; ('@(ClCompile)' != '' and '$(EnableManagedIncrementalBuild)' == 'True') was evaluated as ('..\..\groupGame\highScores.cpp;..\..\groupGame\slider.cpp;..\..\groupGame\spaceHell.cpp;..\..\groupGame\spaceHellMain.cpp' != '' and 'false' == 'True').
     1>Target "ClCompile" in file "C:\Program Files (x86)\Microsoft Visual Studio\2017\Community\Common7\IDE\VC\VCTargets\Microsoft.CppCommon.targets" from project "C:\Users\weian\Desktop\spaceHell\spaceHellRun\spaceHellRun\spaceHellRun.vcxproj" (target "_ClCompile" depends on it):
       Task "Delete" skipped, due to false condition; ('%(ClCompile.DebugInformationFormat)' != '' and '%(ClCompile.DebugInformationFormat)' != 'None' and '%(ClCompile.DebugInformationFormat)' != 'OldStyle' and '%(ClCompile.ProgramDataBaseFileName)' != '' and !Exists(%(ClCompile.ProgramDataBaseFileName))) was evaluated as ('ProgramDatabase' != '' and 'ProgramDatabase' != 'None' and 'ProgramDatabase' != 'OldStyle' and 'Release\vc141.pdb' != '' and !Exists(Release\vc141.pdb)).
       Task "CL" skipped, due to false condition; ('%(ClCompile.PrecompiledHeader)' == 'Create' and '%(ClCompile.ExcludedFromBuild)'!='true' and '%(ClCompile.CompilerIteration)' == '') was evaluated as ('' == 'Create' and ''!='true' and '' == '').
       Using "CL" task from assembly "C:\Program Files (x86)\Microsoft Visual Studio\2017\Community\Common7\IDE\VC\VCTargets\Microsoft.Build.CppTasks.Common.dll".
       Task "CL"
         Read Tracking Logs:
         	Release\spaceHellRun.tlog\CL.read.1.tlog
         Outputs for C:\USERS\WEIAN\DESKTOP\SPACEHELL\GROUPGAME\HIGHSCORES.CPP|C:\USERS\WEIAN\DESKTOP\SPACEHELL\GROUPGAME\SLIDER.CPP|C:\USERS\WEIAN\DESKTOP\SPACEHELL\GROUPGAME\SPACEHELL.CPP|C:\USERS\WEIAN\DESKTOP\SPACEHELL\GROUPGAME\SPACEHELLMAIN.CPP:
         	C:\USERS\WEIAN\DESKTOP\SPACEHELL\SPACEHELLRUN\SPACEHELLRUN\RELEASE\HIGHSCORES.OBJ
         	C:\USERS\WEIAN\DESKTOP\SPACEHELL\SPACEHELLRUN\SPACEHELLRUN\RELEASE\SLIDER.OBJ
         	C:\USERS\WEIAN\DESKTOP\SPACEHELL\SPACEHELLRUN\SPACEHELLRUN\RELEASE\SPACEHELL.OBJ
         	C:\USERS\WEIAN\DESKTOP\SPACEHELL\SPACEHELLRUN\SPACEHELLRUN\RELEASE\SPACEHELLMAIN.OBJ
         All outputs are up-to-date.
       Done executing task "CL".
     1>Done building target "ClCompile" in project "spaceHellRun.vcxproj".
       Target "RunSelectedFileNativeCodeAnalysis" skipped, due to false condition; ('$(RunCppAnalysis)'=='true' and '$(SelectedFiles)'!='') was evaluated as ('false'=='true' and ''!='').
       Target "ManagedIncrementalBuildPostProcessDependencyGraph" skipped, due to false condition; ('@(ClCompile)' != '' and '$(EnableManagedIncrementalBuild)' == 'True') was evaluated as ('..\..\groupGame\highScores.cpp;..\..\groupGame\slider.cpp;..\..\groupGame\spaceHell.cpp;..\..\groupGame\spaceHellMain.cpp' != '' and 'false' == 'True').
     1>Target "AfterClCompile" in file "C:\Program Files (x86)\Microsoft Visual Studio\2017\Community\Common7\IDE\VC\VCTargets\Microsoft.CppBuild.targets" from project "C:\Users\weian\Desktop\spaceHell\spaceHellRun\spaceHellRun\spaceHellRun.vcxproj" (target "_ClCompile" depends on it):
     1>Done building target "AfterClCompile" in project "spaceHellRun.vcxproj".
     1>Target "_ClCompile" in file "C:\Program Files (x86)\Microsoft Visual Studio\2017\Community\Common7\IDE\VC\VCTargets\Microsoft.CppBuild.targets" from project "C:\Users\weian\Desktop\spaceHell\spaceHellRun\spaceHellRun\spaceHellRun.vcxproj" (target "_BuildCompileAction" depends on it):
     1>Done building target "_ClCompile" in project "spaceHellRun.vcxproj".
       Target "_ResGen" skipped, due to false condition; ('@(EmbeddedResource)'!='') was evaluated as (''!='').
     1>Target "BeforeResourceCompile" in file "C:\Program Files (x86)\Microsoft Visual Studio\2017\Community\Common7\IDE\VC\VCTargets\Microsoft.CppBuild.targets" from project "C:\Users\weian\Desktop\spaceHell\spaceHellRun\spaceHellRun\spaceHellRun.vcxproj" (target "_ResourceCompile" depends on it):
     1>Done building target "BeforeResourceCompile" in project "spaceHellRun.vcxproj".
     1>Target "MakeDirsForResourceCompile" in file "C:\Program Files (x86)\Microsoft Visual Studio\2017\Community\Common7\IDE\VC\VCTargets\Microsoft.CppBuild.targets" from project "C:\Users\weian\Desktop\spaceHell\spaceHellRun\spaceHellRun\spaceHellRun.vcxproj" (target "_ResourceCompile" depends on it):
       Task "MakeDir"
       Done executing task "MakeDir".
     1>Done building target "MakeDirsForResourceCompile" in project "spaceHellRun.vcxproj".
       Target "ResourceCompile" skipped, due to false condition; ('@(ResourceCompile)' != '') was evaluated as ('' != '').
     1>Target "AfterResourceCompile" in file "C:\Program Files (x86)\Microsoft Visual Studio\2017\Community\Common7\IDE\VC\VCTargets\Microsoft.CppBuild.targets" from project "C:\Users\weian\Desktop\spaceHell\spaceHellRun\spaceHellRun\spaceHellRun.vcxproj" (target "_ResourceCompile" depends on it):
     1>Done building target "AfterResourceCompile" in project "spaceHellRun.vcxproj".
     1>Target "_ResourceCompile" in file "C:\Program Files (x86)\Microsoft Visual Studio\2017\Community\Common7\IDE\VC\VCTargets\Microsoft.CppBuild.targets" from project "C:\Users\weian\Desktop\spaceHell\spaceHellRun\spaceHellRun\spaceHellRun.vcxproj" (target "_BuildCompileAction" depends on it):
     1>Done building target "_ResourceCompile" in project "spaceHellRun.vcxproj".
       Target "_ImpLib" skipped, due to false condition; ('$(ImpLibCompiled)' == 'true') was evaluated as ('' == 'true').
       Target "_Lib" skipped, due to false condition; ('$(LibCompiled)' == 'true') was evaluated as ('' == 'true').
     1>Target "AfterBuildCompileEvent" in file "C:\Program Files (x86)\Microsoft Visual Studio\2017\Community\Common7\IDE\VC\VCTargets\Microsoft.CppBuild.targets" from project "C:\Users\weian\Desktop\spaceHell\spaceHellRun\spaceHellRun\spaceHellRun.vcxproj" (target "_BuildCompileAction" depends on it):
     1>Done building target "AfterBuildCompileEvent" in project "spaceHellRun.vcxproj".
     1>Target "_BuildCompileAction" in file "C:\Program Files (x86)\Microsoft Visual Studio\2017\Community\Common7\IDE\VC\VCTargets\Microsoft.CppBuild.targets" from project "C:\Users\weian\Desktop\spaceHell\spaceHellRun\spaceHellRun\spaceHellRun.vcxproj" (target "BuildCompile" depends on it):
     1>Done building target "_BuildCompileAction" in project "spaceHellRun.vcxproj".
     1>Target "BuildCompile" in file "C:\Program Files (x86)\Microsoft Visual Studio\2017\Community\MSBuild\15.0\Bin\Microsoft.Common.CurrentVersion.targets" from project "C:\Users\weian\Desktop\spaceHell\spaceHellRun\spaceHellRun\spaceHellRun.vcxproj" (target "Build" depends on it):
     1>Done building target "BuildCompile" in project "spaceHellRun.vcxproj".
       Target "PrepareProjectReferences" skipped. Previously built successfully.
     1>Target "BuildLinkTraverse" in file "C:\Program Files (x86)\Microsoft Visual Studio\2017\Community\MSBuild\15.0\Bin\Microsoft.Common.CurrentVersion.targets" from project "C:\Users\weian\Desktop\spaceHell\spaceHellRun\spaceHellRun\spaceHellRun.vcxproj" (target "BuildLink" depends on it):
       Task "MSBuild" skipped, due to false condition; ('$(BuildPassReferences)' == 'true' and '@(ProjectReferenceWithConfiguration)' != '' and '@(_MSBuildProjectReferenceExistent)' != ''  and '%(_MSBuildProjectReferenceExistent.BuildReference)' == 'true') was evaluated as ('' == 'true' and '' != '' and '' != ''  and '' == 'true').
     1>Done building target "BuildLinkTraverse" in project "spaceHellRun.vcxproj".
       Target "PrepareForBuild" skipped. Previously built successfully.
       Target "ResolveReferences" skipped. Previously built successfully.
     1>Target "ComputeLegacyManifestEmbedding" in file "C:\Program Files (x86)\Microsoft Visual Studio\2017\Community\Common7\IDE\VC\VCTargets\Microsoft.CppBuild.targets" from project "C:\Users\weian\Desktop\spaceHell\spaceHellRun\spaceHellRun\spaceHellRun.vcxproj" (target "_BuildLinkAction" depends on it):
       Task "VCMessage" skipped, due to false condition; ('$(RevertManifestEmbedding)' == 'true' and '$(_LegacyManifestEmbeddingDebug)' == 'true') was evaluated as ('' == 'true' and '' == 'true').
     1>Done building target "ComputeLegacyManifestEmbedding" in project "spaceHellRun.vcxproj".
     1>Target "BeforeLink" in file "C:\Program Files (x86)\Microsoft Visual Studio\2017\Community\Common7\IDE\VC\VCTargets\Microsoft.CppBuild.targets" from project "C:\Users\weian\Desktop\spaceHell\spaceHellRun\spaceHellRun\spaceHellRun.vcxproj" (target "_Link" depends on it):
     1>Done building target "BeforeLink" in project "spaceHellRun.vcxproj".
     1>Target "ComputeRCOutputs" in file "C:\Program Files (x86)\Microsoft Visual Studio\2017\Community\Common7\IDE\VC\VCTargets\Microsoft.CppBuild.targets" from project "C:\Users\weian\Desktop\spaceHell\spaceHellRun\spaceHellRun\spaceHellRun.vcxproj" (target "ComputeRCGeneratedLinkInputs" depends on it):
     1>Done building target "ComputeRCOutputs" in project "spaceHellRun.vcxproj".
     1>Target "ComputeRCGeneratedLinkInputs" in file "C:\Program Files (x86)\Microsoft Visual Studio\2017\Community\Common7\IDE\VC\VCTargets\Microsoft.CppBuild.targets" from project "C:\Users\weian\Desktop\spaceHell\spaceHellRun\spaceHellRun\spaceHellRun.vcxproj" (target "_Link" depends on it):
     1>Done building target "ComputeRCGeneratedLinkInputs" in project "spaceHellRun.vcxproj".
     1>Target "ComputeManifestGeneratedLinkerInputs" in file "C:\Program Files (x86)\Microsoft Visual Studio\2017\Community\Common7\IDE\VC\VCTargets\Microsoft.CppBuild.targets" from project "C:\Users\weian\Desktop\spaceHell\spaceHellRun\spaceHellRun\spaceHellRun.vcxproj" (target "_Link" depends on it):
     1>Done building target "ComputeManifestGeneratedLinkerInputs" in project "spaceHellRun.vcxproj".
     1>Target "ComputeCustomBuildOutput" in file "C:\Program Files (x86)\Microsoft Visual Studio\2017\Community\Common7\IDE\VC\VCTargets\Microsoft.CppBuild.targets" from project "C:\Users\weian\Desktop\spaceHell\spaceHellRun\spaceHellRun\spaceHellRun.vcxproj" (target "_Link" depends on it):
       Task "CreateItem" skipped, due to false condition; ('%(CustomBuildOutputs.OutputItemType)'!='') was evaluated as (''!='').
       Task "MakeDir"
       Done executing task "MakeDir".
     1>Done building target "ComputeCustomBuildOutput" in project "spaceHellRun.vcxproj".
       Target "ComputeMIDLGeneratedCompileInputs" skipped. Previously built successfully.
       Target "ComputeCLInputPDBName" skipped. Previously built successfully.
       Target "ComputeReferenceCLInput" skipped. Previously built successfully.
       Target "WarnCompileDuplicatedFilename" skipped. Previously built successfully.
       Target "FixupCLCompileOptions" skipped. Previously built successfully.
     1>Target "ComputeCLOutputs" in file "C:\Program Files (x86)\Microsoft Visual Studio\2017\Community\Common7\IDE\VC\VCTargets\Microsoft.CppBuild.targets" from project "C:\Users\weian\Desktop\spaceHell\spaceHellRun\spaceHellRun\spaceHellRun.vcxproj" (target "ComputeCLGeneratedLinkInputs" depends on it):
     1>Done building target "ComputeCLOutputs" in project "spaceHellRun.vcxproj".
     1>Target "ComputeCLGeneratedLinkInputs" in file "C:\Program Files (x86)\Microsoft Visual Studio\2017\Community\Common7\IDE\VC\VCTargets\Microsoft.CppBuild.targets" from project "C:\Users\weian\Desktop\spaceHell\spaceHellRun\spaceHellRun\spaceHellRun.vcxproj" (target "_Link" depends on it):
     1>Done building target "ComputeCLGeneratedLinkInputs" in project "spaceHellRun.vcxproj".
     1>Target "ComputeLinkInputsFromProject" in file "C:\Program Files (x86)\Microsoft Visual Studio\2017\Community\Common7\IDE\VC\VCTargets\Microsoft.CppBuild.targets" from project "C:\Users\weian\Desktop\spaceHell\spaceHellRun\spaceHellRun\spaceHellRun.vcxproj" (target "_Link" depends on it):
     1>Done building target "ComputeLinkInputsFromProject" in project "spaceHellRun.vcxproj".
       Target "ComputeReferenceLinkInputs" skipped, due to false condition; (@(ProjectReference) != '') was evaluated as ( != '').
     1>Target "ComputeManifestInputsTargets" in file "C:\Program Files (x86)\Microsoft Visual Studio\2017\Community\Common7\IDE\VC\VCTargets\Microsoft.CppBuild.targets" from project "C:\Users\weian\Desktop\spaceHell\spaceHellRun\spaceHellRun\spaceHellRun.vcxproj" (target "_Link" depends on it):
     1>Done building target "ComputeManifestInputsTargets" in project "spaceHellRun.vcxproj".
       Target "ManifestResourceCompile" skipped, due to false condition; ('$(EmbedManifestBy)' == 'LINK' and '@(Manifest)' != '') was evaluated as ('MT' == 'LINK' and '' != '').
       Target "AssignWinFXEmbeddedResource" skipped, due to false condition; ('@(WinFXEmbeddedResource)' != '') was evaluated as ('' != '').
     1>Target "AssignTargetPaths" in file "C:\Program Files (x86)\Microsoft Visual Studio\2017\Community\MSBuild\15.0\Bin\Microsoft.Common.CurrentVersion.targets" from project "C:\Users\weian\Desktop\spaceHell\spaceHellRun\spaceHellRun\spaceHellRun.vcxproj" (target "PrepareResourceNames" depends on it):
       Using "AssignTargetPath" task from assembly "Microsoft.Build.Tasks.Core, Version=15.1.0.0, Culture=neutral, PublicKeyToken=b03f5f7f11d50a3a".
       Task "AssignTargetPath"
       Done executing task "AssignTargetPath".
       Task "AssignTargetPath"
       Done executing task "AssignTargetPath".
       Task "AssignTargetPath"
       Done executing task "AssignTargetPath".
       Task "AssignTargetPath"
       Done executing task "AssignTargetPath".
       Task "AssignTargetPath" skipped, due to false condition; ('@(_DeploymentBaseManifestWithTargetPath)'=='' and '%(None.Extension)'=='.manifest') was evaluated as (''=='' and ''=='.manifest').
     1>Done building target "AssignTargetPaths" in project "spaceHellRun.vcxproj".
       Target "AssignTargetPaths" skipped. Previously built successfully.
     1>Target "SplitResourcesByCulture" in file "C:\Program Files (x86)\Microsoft Visual Studio\2017\Community\MSBuild\15.0\Bin\Microsoft.Common.CurrentVersion.targets" from project "C:\Users\weian\Desktop\spaceHell\spaceHellRun\spaceHellRun\spaceHellRun.vcxproj" (target "PrepareResourceNames" depends on it):
       Task "Warning" skipped, due to false condition; ('@(ResxWithNoCulture)'!='') was evaluated as (''!='').
       Task "Warning" skipped, due to false condition; ('@(ResxWithCulture)'!='') was evaluated as (''!='').
       Task "Warning" skipped, due to false condition; ('@(NonResxWithCulture)'!='') was evaluated as (''!='').
       Task "Warning" skipped, due to false condition; ('@(NonResxWithNoCulture)'!='') was evaluated as (''!='').
       Using "AssignCulture" task from assembly "Microsoft.Build.Tasks.Core, Version=15.1.0.0, Culture=neutral, PublicKeyToken=b03f5f7f11d50a3a".
       Task "AssignCulture"
       Done executing task "AssignCulture".
     1>Done building target "SplitResourcesByCulture" in project "spaceHellRun.vcxproj".
       Target "CreateManifestResourceNames" skipped, due to false condition; ('@(EmbeddedResource)' != '') was evaluated as ('' != '').
     1>Target "CreateCustomManifestResourceNames" in file "C:\Program Files (x86)\Microsoft Visual Studio\2017\Community\MSBuild\15.0\Bin\Microsoft.Common.CurrentVersion.targets" from project "C:\Users\weian\Desktop\spaceHell\spaceHellRun\spaceHellRun\spaceHellRun.vcxproj" (target "PrepareResourceNames" depends on it):
     1>Done building target "CreateCustomManifestResourceNames" in project "spaceHellRun.vcxproj".
     1>Target "PrepareResourceNames" in file "C:\Program Files (x86)\Microsoft Visual Studio\2017\Community\MSBuild\15.0\Bin\Microsoft.Common.CurrentVersion.targets" from project "C:\Users\weian\Desktop\spaceHell\spaceHellRun\spaceHellRun\spaceHellRun.vcxproj" (target "_Link" depends on it):
     1>Done building target "PrepareResourceNames" in project "spaceHellRun.vcxproj".
     1>Target "MakeDirsForLink" in file "C:\Program Files (x86)\Microsoft Visual Studio\2017\Community\Common7\IDE\VC\VCTargets\Microsoft.CppBuild.targets" from project "C:\Users\weian\Desktop\spaceHell\spaceHellRun\spaceHellRun\spaceHellRun.vcxproj" (target "_Link" depends on it):
       Task "MakeDir"
       Done executing task "MakeDir".
     1>Done building target "MakeDirsForLink" in project "spaceHellRun.vcxproj".
     1>Target "DoLinkOutputFilesMatch" in file "C:\Program Files (x86)\Microsoft Visual Studio\2017\Community\Common7\IDE\VC\VCTargets\Microsoft.CppBuild.targets" from project "C:\Users\weian\Desktop\spaceHell\spaceHellRun\spaceHellRun\spaceHellRun.vcxproj" (target "_Link" depends on it):
       Task "VCMessage" skipped, due to false condition; ('@(_OutputFileFromLink)' == '') was evaluated as ('C:\Users\weian\Desktop\spaceHell\spaceHellRun\Release\spaceHellRun.exe' == '').
       Task "VCMessage" skipped, due to false condition; ('@(_OutputFileFromLink)' != '' and '%(_OutputFileFromLink.FullPath)' != '$([System.IO.Path]::GetFullPath($(TargetPath)))') was evaluated as ('C:\Users\weian\Desktop\spaceHell\spaceHellRun\Release\spaceHellRun.exe' != '' and 'C:\Users\weian\Desktop\spaceHell\spaceHellRun\Release\spaceHellRun.exe' != 'C:\Users\weian\Desktop\spaceHell\spaceHellRun\Release\spaceHellRun.exe').
       Task "VCMessage" skipped, due to false condition; ('@(_OutputFileFromLink)' != '' and '%(_OutputFileFromLink.Extension)' != '' and '%(_OutputFileFromLink.Extension)' != '$(TargetExt)') was evaluated as ('C:\Users\weian\Desktop\spaceHell\spaceHellRun\Release\spaceHellRun.exe' != '' and '.exe' != '' and '.exe' != '.exe').
       Task "VCMessage" skipped, due to false condition; ('@(_OutputFileFromLink)' != '' and '%(_OutputFileFromLink.Filename)' != '' and '%(_OutputFileFromLink.Filename)' != '$(TargetName)') was evaluated as ('C:\Users\weian\Desktop\spaceHell\spaceHellRun\Release\spaceHellRun.exe' != '' and 'spaceHellRun' != '' and 'spaceHellRun' != 'spaceHellRun').
       Task "VCMessage" skipped, due to false condition; ('%(Link.MinimumRequiredVersion)' != '' and ('%(Link.Subsystem)' == '' or '%(Link.Subsystem)' == 'NotSet')) was evaluated as ('' != '' and ('Console' == '' or 'Console' == 'NotSet')).
     1>Done building target "DoLinkOutputFilesMatch" in project "spaceHellRun.vcxproj".
     1>Target "PreLinkEvent" in file "C:\Program Files (x86)\Microsoft Visual Studio\2017\Community\Common7\IDE\VC\VCTargets\Microsoft.CppCommon.targets" from project "C:\Users\weian\Desktop\spaceHell\spaceHellRun\spaceHellRun\spaceHellRun.vcxproj" (target "_Link" depends on it):
       Task "Message" skipped, due to false condition; ('%(PreLinkEvent.Message)' != '' and '%(PreLinkEvent.Command)' != '') was evaluated as ('' != '' and '' != '').
       Task "Exec" skipped, due to false condition; ('%(PreLinkEvent.Command)' != '') was evaluated as ('' != '').
     1>Done building target "PreLinkEvent" in project "spaceHellRun.vcxproj".
     1>Target "ComputeLinkSwitches" in file "C:\Program Files (x86)\Microsoft Visual Studio\2017\Community\Common7\IDE\VC\VCTargets\Microsoft.CppCommon.targets" from project "C:\Users\weian\Desktop\spaceHell\spaceHellRun\spaceHellRun\spaceHellRun.vcxproj" (target "Link" depends on it):
     1>Done building target "ComputeLinkSwitches" in project "spaceHellRun.vcxproj".
     1>Target "Link" in file "C:\Program Files (x86)\Microsoft Visual Studio\2017\Community\Common7\IDE\VC\VCTargets\Microsoft.CppCommon.targets" from project "C:\Users\weian\Desktop\spaceHell\spaceHellRun\spaceHellRun\spaceHellRun.vcxproj" (target "_Link" depends on it):
       Using "Link" task from assembly "C:\Program Files (x86)\Microsoft Visual Studio\2017\Community\Common7\IDE\VC\VCTargets\Microsoft.Build.CppTasks.Common.dll".
       Task "Link"
         Environment Variables passed to tool:
           VS_UNICODE_OUTPUT=1752
         C:\Program Files (x86)\Microsoft Visual Studio\2017\Community\VC\Tools\MSVC\14.16.27023\bin\HostX86\x86\link.exe /ERRORREPORT:PROMPT /OUT:"C:\Users\weian\Desktop\spaceHell\spaceHellRun\Release\spaceHellRun.exe" /INCREMENTAL:NO /NOLOGO /LIBPATH:C:\Users\weian\Desktop\spaceHell\SpaceHellLib\Debug /LIBPATH:"C:\Users\weian\Desktop\spaceHell\groupGame\SFML-2.5.1\lib" opengl32.lib openal32.lib freetype.lib winmm.lib gdi32.lib flac.lib vorbisenc.lib vorbisfile.lib vorbis.lib ogg.lib ws2_32.lib "sfml-graphics-s.lib" "sfml-window-s.lib" "sfml-system-s.lib" "sfml-audio-s.lib" "sfml-network-s.lib" SpaceHellLib.lib kernel32.lib user32.lib gdi32.lib winspool.lib comdlg32.lib advapi32.lib shell32.lib ole32.lib oleaut32.lib uuid.lib odbc32.lib odbccp32.lib /MANIFEST /MANIFESTUAC:"level='asInvoker' uiAccess='false'" /manifest:embed /DEBUG /PDB:"C:\Users\weian\Desktop\spaceHell\spaceHellRun\Release\spaceHellRun.pdb" /SUBSYSTEM:CONSOLE /OPT:REF /OPT:ICF /LTCG:incremental /TLBID:1 /DYNAMICBASE /NXCOMPAT /IMPLIB:"C:\Users\weian\Desktop\spaceHell\spaceHellRun\Release\spaceHellRun.lib" /MACHINE:X86 /SAFESEH Release\highScores.obj
         Release\slider.obj
         Release\spaceHell.obj
         Release\spaceHellMain.obj
         Tracking command:
         C:\Program Files (x86)\Microsoft Visual Studio\2017\Community\MSBuild\15.0\Bin\Tracker.exe /a /d "C:\Program Files (x86)\MSBuild\15.0\FileTracker\FileTracker32.dll" /i C:\Users\weian\Desktop\spaceHell\spaceHellRun\spaceHellRun\Release\spaceHellRun.tlog /r "C:\USERS\WEIAN\DESKTOP\SPACEHELL\SPACEHELLRUN\SPACEHELLRUN\RELEASE\HIGHSCORES.OBJ|C:\USERS\WEIAN\DESKTOP\SPACEHELL\SPACEHELLRUN\SPACEHELLRUN\RELEASE\SLIDER.OBJ|C:\USERS\WEIAN\DESKTOP\SPACEHELL\SPACEHELLRUN\SPACEHELLRUN\RELEASE\SPACEHELL.OBJ|C:\USERS\WEIAN\DESKTOP\SPACEHELL\SPACEHELLRUN\SPACEHELLRUN\RELEASE\SPACEHELLMAIN.OBJ" /b MSBuildConsole_CancelEvent0172e941609540f4ade63fbf851e55d5  /c "C:\Program Files (x86)\Microsoft Visual Studio\2017\Community\VC\Tools\MSVC\14.16.27023\bin\HostX86\x86\link.exe"  /ERRORREPORT:PROMPT /OUT:"C:\Users\weian\Desktop\spaceHell\spaceHellRun\Release\spaceHellRun.exe" /INCREMENTAL:NO /NOLOGO /LIBPATH:C:\Users\weian\Desktop\spaceHell\SpaceHellLib\Debug /LIBPATH:"C:\Users\weian\Desktop\spaceHell\groupGame\SFML-2.5.1\lib" opengl32.lib openal32.lib freetype.lib winmm.lib gdi32.lib flac.lib vorbisenc.lib vorbisfile.lib vorbis.lib ogg.lib ws2_32.lib "sfml-graphics-s.lib" "sfml-window-s.lib" "sfml-system-s.lib" "sfml-audio-s.lib" "sfml-network-s.lib" SpaceHellLib.lib kernel32.lib user32.lib gdi32.lib winspool.lib comdlg32.lib advapi32.lib shell32.lib ole32.lib oleaut32.lib uuid.lib odbc32.lib odbccp32.lib /MANIFEST /MANIFESTUAC:"level='asInvoker' uiAccess='false'" /manifest:embed /DEBUG /PDB:"C:\Users\weian\Desktop\spaceHell\spaceHellRun\Release\spaceHellRun.pdb" /SUBSYSTEM:CONSOLE /OPT:REF /OPT:ICF /LTCG:incremental /TLBID:1 /DYNAMICBASE /NXCOMPAT /IMPLIB:"C:\Users\weian\Desktop\spaceHell\spaceHellRun\Release\spaceHellRun.lib" /MACHINE:X86 /SAFESEH Release\highScores.obj
         Release\slider.obj
         Release\spaceHell.obj
         Release\spaceHellMain.obj
     1>SpaceHellLib.lib(bullet.obj) : error LNK2038: mismatch detected for '_ITERATOR_DEBUG_LEVEL': value '2' doesn't match value '0' in highScores.obj
     1>SpaceHellLib.lib(bullet.obj) : error LNK2038: mismatch detected for 'RuntimeLibrary': value 'MDd_DynamicDebug' doesn't match value 'MD_DynamicRelease' in highScores.obj
     1>SpaceHellLib.lib(bullet.obj) : warning LNK4075: ignoring '/EDITANDCONTINUE' due to '/OPT:ICF' specification
     1>SpaceHellLib.lib(enemy.obj) : error LNK2038: mismatch detected for '_ITERATOR_DEBUG_LEVEL': value '2' doesn't match value '0' in highScores.obj
     1>SpaceHellLib.lib(enemy.obj) : error LNK2038: mismatch detected for 'RuntimeLibrary': value 'MDd_DynamicDebug' doesn't match value 'MD_DynamicRelease' in highScores.obj
     1>SpaceHellLib.lib(player.obj) : error LNK2038: mismatch detected for '_ITERATOR_DEBUG_LEVEL': value '2' doesn't match value '0' in highScores.obj
     1>SpaceHellLib.lib(player.obj) : error LNK2038: mismatch detected for 'RuntimeLibrary': value 'MDd_DynamicDebug' doesn't match value 'MD_DynamicRelease' in highScores.obj
     1>SpaceHellLib.lib(upgrade.obj) : error LNK2038: mismatch detected for '_ITERATOR_DEBUG_LEVEL': value '2' doesn't match value '0' in highScores.obj
     1>SpaceHellLib.lib(upgrade.obj) : error LNK2038: mismatch detected for 'RuntimeLibrary': value 'MDd_DynamicDebug' doesn't match value 'MD_DynamicRelease' in highScores.obj
     1>SpaceHellLib.lib(entity.obj) : error LNK2038: mismatch detected for '_ITERATOR_DEBUG_LEVEL': value '2' doesn't match value '0' in highScores.obj
     1>SpaceHellLib.lib(entity.obj) : error LNK2038: mismatch detected for 'RuntimeLibrary': value 'MDd_DynamicDebug' doesn't match value 'MD_DynamicRelease' in highScores.obj
     1>SpaceHellLib.lib(character.obj) : error LNK2038: mismatch detected for '_ITERATOR_DEBUG_LEVEL': value '2' doesn't match value '0' in highScores.obj
     1>SpaceHellLib.lib(character.obj) : error LNK2038: mismatch detected for 'RuntimeLibrary': value 'MDd_DynamicDebug' doesn't match value 'MD_DynamicRelease' in highScores.obj
     1>SpaceHellLib.lib(animation.obj) : error LNK2038: mismatch detected for '_ITERATOR_DEBUG_LEVEL': value '2' doesn't match value '0' in highScores.obj
     1>SpaceHellLib.lib(animation.obj) : error LNK2038: mismatch detected for 'RuntimeLibrary': value 'MDd_DynamicDebug' doesn't match value 'MD_DynamicRelease' in highScores.obj
     1>SpaceHellLib.lib(FileInputStream.cpp.obj) : error LNK2038: mismatch detected for '_ITERATOR_DEBUG_LEVEL': value '2' doesn't match value '0' in highScores.obj
     1>SpaceHellLib.lib(FileInputStream.cpp.obj) : error LNK2038: mismatch detected for 'RuntimeLibrary': value 'MDd_DynamicDebug' doesn't match value 'MD_DynamicRelease' in highScores.obj
     1>SpaceHellLib.lib(MemoryInputStream.cpp.obj) : error LNK2038: mismatch detected for '_ITERATOR_DEBUG_LEVEL': value '2' doesn't match value '0' in highScores.obj
     1>SpaceHellLib.lib(MemoryInputStream.cpp.obj) : error LNK2038: mismatch detected for 'RuntimeLibrary': value 'MDd_DynamicDebug' doesn't match value 'MD_DynamicRelease' in highScores.obj
     1>SpaceHellLib.lib(ThreadImpl.cpp.obj) : error LNK2038: mismatch detected for '_ITERATOR_DEBUG_LEVEL': value '2' doesn't match value '0' in highScores.obj
     1>SpaceHellLib.lib(ThreadImpl.cpp.obj) : error LNK2038: mismatch detected for 'RuntimeLibrary': value 'MDd_DynamicDebug' doesn't match value 'MD_DynamicRelease' in highScores.obj
     1>LINK : warning LNK4098: defaultlib 'MSVCRTD' conflicts with use of other libs; use /NODEFAULTLIB:library
     1>SpaceHellLib.lib(entity.obj) : error LNK2001: unresolved external symbol __imp___invalid_parameter
     1>SpaceHellLib.lib(character.obj) : error LNK2001: unresolved external symbol __imp___invalid_parameter
     1>SpaceHellLib.lib(bullet.obj) : error LNK2001: unresolved external symbol __imp___invalid_parameter
     1>SpaceHellLib.lib(enemy.obj) : error LNK2001: unresolved external symbol __imp___invalid_parameter
     1>SpaceHellLib.lib(player.obj) : error LNK2001: unresolved external symbol __imp___invalid_parameter
     1>SpaceHellLib.lib(upgrade.obj) : error LNK2001: unresolved external symbol __imp___invalid_parameter
     1>SpaceHellLib.lib(entity.obj) : error LNK2001: unresolved external symbol __imp___calloc_dbg
     1>SpaceHellLib.lib(character.obj) : error LNK2001: unresolved external symbol __imp___calloc_dbg
     1>SpaceHellLib.lib(animation.obj) : error LNK2001: unresolved external symbol __imp___calloc_dbg
     1>SpaceHellLib.lib(bullet.obj) : error LNK2001: unresolved external symbol __imp___calloc_dbg
     1>SpaceHellLib.lib(enemy.obj) : error LNK2001: unresolved external symbol __imp___calloc_dbg
     1>SpaceHellLib.lib(player.obj) : error LNK2001: unresolved external symbol __imp___calloc_dbg
     1>SpaceHellLib.lib(upgrade.obj) : error LNK2001: unresolved external symbol __imp___calloc_dbg
     1>SpaceHellLib.lib(entity.obj) : error LNK2001: unresolved external symbol __imp___CrtDbgReport
     1>SpaceHellLib.lib(character.obj) : error LNK2001: unresolved external symbol __imp___CrtDbgReport
     1>SpaceHellLib.lib(bullet.obj) : error LNK2001: unresolved external symbol __imp___CrtDbgReport
     1>SpaceHellLib.lib(enemy.obj) : error LNK2001: unresolved external symbol __imp___CrtDbgReport
     1>SpaceHellLib.lib(player.obj) : error LNK2001: unresolved external symbol __imp___CrtDbgReport
     1>SpaceHellLib.lib(upgrade.obj) : error LNK2001: unresolved external symbol __imp___CrtDbgReport
     1>C:\Users\weian\Desktop\spaceHell\spaceHellRun\Release\spaceHellRun.exe : fatal error LNK1120: 3 unresolved externals
         The command exited with code 1120.
       Done executing task "Link" -- FAILED.
     1>Done building target "Link" in project "spaceHellRun.vcxproj" -- FAILED.
     1>Done Building Project "C:\Users\weian\Desktop\spaceHell\spaceHellRun\spaceHellRun\spaceHellRun.vcxproj" (Build target(s)) -- FAILED.

Build FAILED.

       "C:\Users\weian\Desktop\spaceHell\spaceHellRun\spaceHellRun\spaceHellRun.vcxproj" (Build target) (1) ->
       (Link target) -> 
         SpaceHellLib.lib(bullet.obj) : warning LNK4075: ignoring '/EDITANDCONTINUE' due to '/OPT:ICF' specification
         LINK : warning LNK4098: defaultlib 'MSVCRTD' conflicts with use of other libs; use /NODEFAULTLIB:library


       "C:\Users\weian\Desktop\spaceHell\spaceHellRun\spaceHellRun\spaceHellRun.vcxproj" (Build target) (1) ->
       (Link target) -> 
         SpaceHellLib.lib(bullet.obj) : error LNK2038: mismatch detected for '_ITERATOR_DEBUG_LEVEL': value '2' doesn't match value '0' in highScores.obj
         SpaceHellLib.lib(bullet.obj) : error LNK2038: mismatch detected for 'RuntimeLibrary': value 'MDd_DynamicDebug' doesn't match value 'MD_DynamicRelease' in highScores.obj
         SpaceHellLib.lib(enemy.obj) : error LNK2038: mismatch detected for '_ITERATOR_DEBUG_LEVEL': value '2' doesn't match value '0' in highScores.obj
         SpaceHellLib.lib(enemy.obj) : error LNK2038: mismatch detected for 'RuntimeLibrary': value 'MDd_DynamicDebug' doesn't match value 'MD_DynamicRelease' in highScores.obj
         SpaceHellLib.lib(player.obj) : error LNK2038: mismatch detected for '_ITERATOR_DEBUG_LEVEL': value '2' doesn't match value '0' in highScores.obj
         SpaceHellLib.lib(player.obj) : error LNK2038: mismatch detected for 'RuntimeLibrary': value 'MDd_DynamicDebug' doesn't match value 'MD_DynamicRelease' in highScores.obj
         SpaceHellLib.lib(upgrade.obj) : error LNK2038: mismatch detected for '_ITERATOR_DEBUG_LEVEL': value '2' doesn't match value '0' in highScores.obj
         SpaceHellLib.lib(upgrade.obj) : error LNK2038: mismatch detected for 'RuntimeLibrary': value 'MDd_DynamicDebug' doesn't match value 'MD_DynamicRelease' in highScores.obj
         SpaceHellLib.lib(entity.obj) : error LNK2038: mismatch detected for '_ITERATOR_DEBUG_LEVEL': value '2' doesn't match value '0' in highScores.obj
         SpaceHellLib.lib(entity.obj) : error LNK2038: mismatch detected for 'RuntimeLibrary': value 'MDd_DynamicDebug' doesn't match value 'MD_DynamicRelease' in highScores.obj
         SpaceHellLib.lib(character.obj) : error LNK2038: mismatch detected for '_ITERATOR_DEBUG_LEVEL': value '2' doesn't match value '0' in highScores.obj
         SpaceHellLib.lib(character.obj) : error LNK2038: mismatch detected for 'RuntimeLibrary': value 'MDd_DynamicDebug' doesn't match value 'MD_DynamicRelease' in highScores.obj
         SpaceHellLib.lib(animation.obj) : error LNK2038: mismatch detected for '_ITERATOR_DEBUG_LEVEL': value '2' doesn't match value '0' in highScores.obj
         SpaceHellLib.lib(animation.obj) : error LNK2038: mismatch detected for 'RuntimeLibrary': value 'MDd_DynamicDebug' doesn't match value 'MD_DynamicRelease' in highScores.obj
         SpaceHellLib.lib(FileInputStream.cpp.obj) : error LNK2038: mismatch detected for '_ITERATOR_DEBUG_LEVEL': value '2' doesn't match value '0' in highScores.obj
         SpaceHellLib.lib(FileInputStream.cpp.obj) : error LNK2038: mismatch detected for 'RuntimeLibrary': value 'MDd_DynamicDebug' doesn't match value 'MD_DynamicRelease' in highScores.obj
         SpaceHellLib.lib(MemoryInputStream.cpp.obj) : error LNK2038: mismatch detected for '_ITERATOR_DEBUG_LEVEL': value '2' doesn't match value '0' in highScores.obj
         SpaceHellLib.lib(MemoryInputStream.cpp.obj) : error LNK2038: mismatch detected for 'RuntimeLibrary': value 'MDd_DynamicDebug' doesn't match value 'MD_DynamicRelease' in highScores.obj
         SpaceHellLib.lib(ThreadImpl.cpp.obj) : error LNK2038: mismatch detected for '_ITERATOR_DEBUG_LEVEL': value '2' doesn't match value '0' in highScores.obj
         SpaceHellLib.lib(ThreadImpl.cpp.obj) : error LNK2038: mismatch detected for 'RuntimeLibrary': value 'MDd_DynamicDebug' doesn't match value 'MD_DynamicRelease' in highScores.obj
         SpaceHellLib.lib(entity.obj) : error LNK2001: unresolved external symbol __imp___invalid_parameter
         SpaceHellLib.lib(character.obj) : error LNK2001: unresolved external symbol __imp___invalid_parameter
         SpaceHellLib.lib(bullet.obj) : error LNK2001: unresolved external symbol __imp___invalid_parameter
         SpaceHellLib.lib(enemy.obj) : error LNK2001: unresolved external symbol __imp___invalid_parameter
         SpaceHellLib.lib(player.obj) : error LNK2001: unresolved external symbol __imp___invalid_parameter
         SpaceHellLib.lib(upgrade.obj) : error LNK2001: unresolved external symbol __imp___invalid_parameter
         SpaceHellLib.lib(entity.obj) : error LNK2001: unresolved external symbol __imp___calloc_dbg
         SpaceHellLib.lib(character.obj) : error LNK2001: unresolved external symbol __imp___calloc_dbg
         SpaceHellLib.lib(animation.obj) : error LNK2001: unresolved external symbol __imp___calloc_dbg
         SpaceHellLib.lib(bullet.obj) : error LNK2001: unresolved external symbol __imp___calloc_dbg
         SpaceHellLib.lib(enemy.obj) : error LNK2001: unresolved external symbol __imp___calloc_dbg
         SpaceHellLib.lib(player.obj) : error LNK2001: unresolved external symbol __imp___calloc_dbg
         SpaceHellLib.lib(upgrade.obj) : error LNK2001: unresolved external symbol __imp___calloc_dbg
         SpaceHellLib.lib(entity.obj) : error LNK2001: unresolved external symbol __imp___CrtDbgReport
         SpaceHellLib.lib(character.obj) : error LNK2001: unresolved external symbol __imp___CrtDbgReport
         SpaceHellLib.lib(bullet.obj) : error LNK2001: unresolved external symbol __imp___CrtDbgReport
         SpaceHellLib.lib(enemy.obj) : error LNK2001: unresolved external symbol __imp___CrtDbgReport
         SpaceHellLib.lib(player.obj) : error LNK2001: unresolved external symbol __imp___CrtDbgReport
         SpaceHellLib.lib(upgrade.obj) : error LNK2001: unresolved external symbol __imp___CrtDbgReport
         C:\Users\weian\Desktop\spaceHell\spaceHellRun\Release\spaceHellRun.exe : fatal error LNK1120: 3 unresolved externals

    2 Warning(s)
    40 Error(s)

Time Elapsed 00:00:00.45
